[debug] [2021-07-19T15:18:23.033Z] ----------------------------------------------------------------------
[debug] [2021-07-19T15:18:23.037Z] Command:       /usr/local/bin/node /usr/local/pnpm-global/4/node_modules/firebase-tools/lib/bin/firebase.js login
[debug] [2021-07-19T15:18:23.037Z] CLI Version:   9.16.0
[debug] [2021-07-19T15:18:23.037Z] Platform:      linux
[debug] [2021-07-19T15:18:23.037Z] Node Version:  v12.18.3
[debug] [2021-07-19T15:18:23.038Z] Time:          Mon Jul 19 2021 15:18:23 GMT+0000 (Coordinated Universal Time)
[debug] [2021-07-19T15:18:23.038Z] ----------------------------------------------------------------------
[debug] 
[info] i  Firebase optionally collects CLI usage and error reporting information to help improve our products. Data is collected in accordance with Google's privacy policy (https://policies.google.com/privacy) and is not used to identify you.
 
[info] 
[info] Visit this URL on this device to log in:
[info] https://accounts.google.com/o/oauth2/auth?client_id=563584335869-fgrhgmd47bqnekij5i8b5pr03ho849e6.apps.googleusercontent.com&scope=email%20openid%20https%3A%2F%2Fwww.googleapis.com%2Fauth%2Fcloudplatformprojects.readonly%20https%3A%2F%2Fwww.googleapis.com%2Fauth%2Ffirebase%20https%3A%2F%2Fwww.googleapis.com%2Fauth%2Fcloud-platform&response_type=code&state=524053491&redirect_uri=http%3A%2F%2Flocalhost%3A9005
[info] 
[info] Waiting for authentication...
[debug] [2021-07-19T15:19:43.568Z] ----------------------------------------------------------------------
[debug] [2021-07-19T15:19:43.572Z] Command:       /usr/local/bin/node /usr/local/pnpm-global/4/node_modules/firebase-tools/lib/bin/firebase.js login
[debug] [2021-07-19T15:19:43.573Z] CLI Version:   9.16.0
[debug] [2021-07-19T15:19:43.573Z] Platform:      linux
[debug] [2021-07-19T15:19:43.573Z] Node Version:  v12.18.3
[debug] [2021-07-19T15:19:43.573Z] Time:          Mon Jul 19 2021 15:19:43 GMT+0000 (Coordinated Universal Time)
[debug] [2021-07-19T15:19:43.574Z] ----------------------------------------------------------------------
[debug] 
[info] i  Firebase optionally collects CLI usage and error reporting information to help improve our products. Data is collected in accordance with Google's privacy policy (https://policies.google.com/privacy) and is not used to identify you.
 
[info] i  To change your data collection preference at any time, run `firebase logout` and log in again. 
[info] 
[info] Visit this URL on this device to log in:
[info] https://accounts.google.com/o/oauth2/auth?client_id=563584335869-fgrhgmd47bqnekij5i8b5pr03ho849e6.apps.googleusercontent.com&scope=email%20openid%20https%3A%2F%2Fwww.googleapis.com%2Fauth%2Fcloudplatformprojects.readonly%20https%3A%2F%2Fwww.googleapis.com%2Fauth%2Ffirebase%20https%3A%2F%2Fwww.googleapis.com%2Fauth%2Fcloud-platform&response_type=code&state=103614169&redirect_uri=http%3A%2F%2Flocalhost%3A9005
[info] 
[info] Waiting for authentication...
